# JRE version: Java(TM) SE Runtime Environment (15.0+36) (build 15+36-1562)
# Java VM: Java HotSpot(TM) 64-Bit Server VM (15+36-1562, mixed mode, sharing, tiered, compressed oops, g1 gc, windows-amd64)
GC Precious Log:
 CPUs: 4 total, 4 available
 Memory: 8085M
 Large Page Support: Disabled
 NUMA Support: Disabled
 Compressed Oops: Enabled (32-bit)
 Heap Region Size: 1M
 Heap Min Capacity: 8M
 Heap Initial Capacity: 128M
 Heap Max Capacity: 2022M
 Pre-touch: Disabled
 Parallel Workers: 4
 Concurrent Workers: 1
 Concurrent Refinement Workers: 4
 Periodic GC: Disabled
Heap:
 garbage-first heap   total 131072K, used 24453K [0x0000000081a00000, 0x0000000100000000)
  region size 1024K, 22 young (22528K), 2 survivors (2048K)
 Metaspace       used 11596K, capacity 12634K, committed 12800K, reserved 1060864K
  class space    used 1359K, capacity 1519K, committed 1536K, reserved 1048576K
GC Heap History (6 events):
Event: 7.209 GC heap before
{Heap before GC invocations=0 (full 0):
 garbage-first heap   total 131072K, used 12288K [0x0000000081a00000, 0x0000000100000000)
  region size 1024K, 13 young (13312K), 0 survivors (0K)
 Metaspace       used 3930K, capacity 6025K, committed 6272K, reserved 1056768K
  class space    used 388K, capacity 603K, committed 640K, reserved 1048576K
}
Event: 7.223 GC heap after
{Heap after GC invocations=1 (full 0):
 garbage-first heap   total 131072K, used 3623K [0x0000000081a00000, 0x0000000100000000)
  region size 1024K, 2 young (2048K), 2 survivors (2048K)
 Metaspace       used 3930K, capacity 6025K, committed 6272K, reserved 1056768K
  class space    used 388K, capacity 603K, committed 640K, reserved 1048576K
}
Event: 8.286 GC heap before
{Heap before GC invocations=1 (full 0):
 garbage-first heap   total 131072K, used 13863K [0x0000000081a00000, 0x0000000100000000)
  region size 1024K, 13 young (13312K), 2 survivors (2048K)
 Metaspace       used 6171K, capacity 7666K, committed 7808K, reserved 1056768K
  class space    used 685K, capacity 830K, committed 896K, reserved 1048576K
}
Event: 8.291 GC heap after
{Heap after GC invocations=2 (full 0):
 garbage-first heap   total 131072K, used 4299K [0x0000000081a00000, 0x0000000100000000)
  region size 1024K, 1 young (1024K), 1 survivors (1024K)
 Metaspace       used 6171K, capacity 7666K, committed 7808K, reserved 1056768K
  class space    used 685K, capacity 830K, committed 896K, reserved 1048576K
}
Event: 10.308 GC heap before
{Heap before GC invocations=2 (full 0):
 garbage-first heap   total 131072K, used 27851K [0x0000000081a00000, 0x0000000100000000)
  region size 1024K, 24 young (24576K), 1 survivors (1024K)
 Metaspace       used 8588K, capacity 9854K, committed 10112K, reserved 1058816K
  class space    used 975K, capacity 1130K, committed 1152K, reserved 1048576K
}
Event: 10.312 GC heap after
{Heap after GC invocations=3 (full 0):
 garbage-first heap   total 131072K, used 4997K [0x0000000081a00000, 0x0000000100000000)
  region size 1024K, 2 young (2048K), 2 survivors (2048K)
 Metaspace       used 8588K, capacity 9854K, committed 10112K, reserved 1058816K
  class space    used 975K, capacity 1130K, committed 1152K, reserved 1048576K
}

