# JRE version: Java(TM) SE Runtime Environment (15.0+36) (build 15+36-1562)
# Java VM: Java HotSpot(TM) 64-Bit Server VM (15+36-1562, mixed mode, sharing, tiered, compressed oops, g1 gc, windows-amd64)
GC Precious Log:
 CPUs: 4 total, 4 available
 Memory: 8085M
 Large Page Support: Disabled
 NUMA Support: Disabled
 Compressed Oops: Enabled (32-bit)
 Heap Region Size: 1M
 Heap Min Capacity: 8M
 Heap Initial Capacity: 128M
 Heap Max Capacity: 2022M
 Pre-touch: Disabled
 Parallel Workers: 4
 Concurrent Workers: 1
 Concurrent Refinement Workers: 4
 Periodic GC: Disabled
Heap:
 garbage-first heap   total 131072K, used 23436K [0x0000000081a00000, 0x0000000100000000)
  region size 1024K, 21 young (21504K), 2 survivors (2048K)
 Metaspace       used 11528K, capacity 12634K, committed 12800K, reserved 1060864K
  class space    used 1357K, capacity 1519K, committed 1536K, reserved 1048576K
GC Heap History (6 events):
Event: 4.546 GC heap before
{Heap before GC invocations=0 (full 0):
 garbage-first heap   total 131072K, used 13312K [0x0000000081a00000, 0x0000000100000000)
  region size 1024K, 13 young (13312K), 0 survivors (0K)
 Metaspace       used 3885K, capacity 6091K, committed 6272K, reserved 1056768K
  class space    used 388K, capacity 605K, committed 640K, reserved 1048576K
}
Event: 4.638 GC heap after
{Heap after GC invocations=1 (full 0):
 garbage-first heap   total 131072K, used 3423K [0x0000000081a00000, 0x0000000100000000)
  region size 1024K, 2 young (2048K), 2 survivors (2048K)
 Metaspace       used 3885K, capacity 6091K, committed 6272K, reserved 1056768K
  class space    used 388K, capacity 605K, committed 640K, reserved 1048576K
}
Event: 6.185 GC heap before
{Heap before GC invocations=1 (full 0):
 garbage-first heap   total 131072K, used 15711K [0x0000000081a00000, 0x0000000100000000)
  region size 1024K, 14 young (14336K), 2 survivors (2048K)
 Metaspace       used 6185K, capacity 7730K, committed 7808K, reserved 1056768K
  class space    used 688K, capacity 830K, committed 896K, reserved 1048576K
}
Event: 6.192 GC heap after
{Heap after GC invocations=2 (full 0):
 garbage-first heap   total 131072K, used 4443K [0x0000000081a00000, 0x0000000100000000)
  region size 1024K, 1 young (1024K), 1 survivors (1024K)
 Metaspace       used 6185K, capacity 7730K, committed 7808K, reserved 1056768K
  class space    used 688K, capacity 830K, committed 896K, reserved 1048576K
}
Event: 10.189 GC heap before
{Heap before GC invocations=2 (full 0):
 garbage-first heap   total 131072K, used 27995K [0x0000000081a00000, 0x0000000100000000)
  region size 1024K, 24 young (24576K), 1 survivors (1024K)
 Metaspace       used 8793K, capacity 10044K, committed 10112K, reserved 1058816K
  class space    used 988K, capacity 1128K, committed 1152K, reserved 1048576K
}
Event: 10.194 GC heap after
{Heap after GC invocations=3 (full 0):
 garbage-first heap   total 131072K, used 5004K [0x0000000081a00000, 0x0000000100000000)
  region size 1024K, 2 young (2048K), 2 survivors (2048K)
 Metaspace       used 8793K, capacity 10044K, committed 10112K, reserved 1058816K
  class space    used 988K, capacity 1128K, committed 1152K, reserved 1048576K
}

